2026-04-10 19:54:39 - INFO - ============================================================
2026-04-10 19:54:39 - INFO -  Starting Professional Lovász-Softmax DeepLabV3+ Training
2026-04-10 19:54:39 - INFO - ============================================================
2026-04-10 19:54:39 - INFO - Log file will be saved to: logs/training_20260410_195439.log
2026-04-10 19:54:39 - INFO - ============================================================
2026-04-10 19:54:39 - INFO - 
Starting RGB model training...
2026-04-10 19:54:40 - INFO - ============================================================
2026-04-10 19:54:40 - INFO - Starting training with color space: RGB
2026-04-10 19:54:40 - INFO - Device: cuda:3
2026-04-10 19:54:40 - INFO - Num Classes: 4
2026-04-10 19:54:40 - INFO - Batch Size: 32
2026-04-10 19:54:40 - INFO - Epochs: 600
2026-04-10 19:54:40 - INFO - Learning Rate: 0.001
2026-04-10 19:54:40 - INFO - ============================================================
2026-04-10 19:54:40 - INFO - Loading data loaders...
2026-04-10 19:54:40 - INFO - Train dataset size: 2700
2026-04-10 19:54:40 - INFO - Validation dataset size: 300
2026-04-10 19:54:40 - INFO - Initializing model...
2026-04-10 19:54:41 - INFO - Model parameters: 61,388,940
2026-04-10 19:54:41 - INFO - Calculating class weights...
2026-04-10 19:54:43 - INFO - Class weights: [0.67415229 0.73470806 1.66519371 1.80167177]
2026-04-10 19:54:43 - INFO - Setting up optimizer and scheduler...
2026-04-10 19:54:43 - INFO - Starting training loop...
2026-04-10 19:56:08 - INFO - ✓ New best model saved at epoch 1 (mIoU: 0.2768) -> weights/best_RGB_model.pth
2026-04-10 19:56:08 - INFO - 
============================================================
2026-04-10 19:56:08 - INFO - Epoch 1 Validation Results:
2026-04-10 19:56:08 - INFO - ============================================================
2026-04-10 19:56:08 - INFO -   Background  : IoU = 0.4035
2026-04-10 19:56:08 - INFO -   Healthy     : IoU = 0.4144
2026-04-10 19:56:08 - INFO -   Dead        : IoU = 0.0842
2026-04-10 19:56:08 - INFO -   Molded      : IoU = 0.2053
2026-04-10 19:56:08 - INFO - ============================================================
2026-04-10 19:56:08 - INFO - Epoch 1/600 Summary:
2026-04-10 19:56:08 - INFO -   Train Loss:    1.2250
2026-04-10 19:56:08 - INFO -   Val Loss:      1.0946
2026-04-10 19:56:08 - INFO -   Val Acc:       0.4938
2026-04-10 19:56:08 - INFO -   Val mIoU:      0.2768
2026-04-10 19:56:08 - INFO -   Best mIoU:     0.2768
2026-04-10 19:56:08 - INFO -   Learning Rate: 0.000017
2026-04-10 19:57:27 - INFO - ✓ New best model saved at epoch 2 (mIoU: 0.3626) -> weights/best_RGB_model.pth
2026-04-10 19:57:27 - INFO - 
============================================================
2026-04-10 19:57:27 - INFO - Epoch 2 Validation Results:
2026-04-10 19:57:27 - INFO - ============================================================
2026-04-10 19:57:27 - INFO -   Background  : IoU = 0.4232
2026-04-10 19:57:27 - INFO -   Healthy     : IoU = 0.4547
2026-04-10 19:57:27 - INFO -   Dead        : IoU = 0.2819
2026-04-10 19:57:27 - INFO -   Molded      : IoU = 0.2908
2026-04-10 19:57:27 - INFO - ============================================================
2026-04-10 19:57:27 - INFO - Epoch 2/600 Summary:
2026-04-10 19:57:27 - INFO -   Train Loss:    1.1282
2026-04-10 19:57:27 - INFO -   Val Loss:      0.9884
2026-04-10 19:57:27 - INFO -   Val Acc:       0.5541
2026-04-10 19:57:27 - INFO -   Val mIoU:      0.3626
2026-04-10 19:57:27 - INFO -   Best mIoU:     0.3626
2026-04-10 19:57:27 - INFO -   Learning Rate: 0.000033
2026-04-10 19:58:43 - INFO - ✓ New best model saved at epoch 3 (mIoU: 0.3820) -> weights/best_RGB_model.pth
2026-04-10 19:58:43 - INFO - 
============================================================
2026-04-10 19:58:43 - INFO - Epoch 3 Validation Results:
2026-04-10 19:58:43 - INFO - ============================================================
2026-04-10 19:58:43 - INFO -   Background  : IoU = 0.4513
2026-04-10 19:58:43 - INFO -   Healthy     : IoU = 0.4808
2026-04-10 19:58:43 - INFO -   Dead        : IoU = 0.2627
2026-04-10 19:58:43 - INFO -   Molded      : IoU = 0.3332
2026-04-10 19:58:43 - INFO - ============================================================
2026-04-10 19:58:43 - INFO - Epoch 3/600 Summary:
2026-04-10 19:58:43 - INFO -   Train Loss:    1.0659
2026-04-10 19:58:43 - INFO -   Val Loss:      0.9217
2026-04-10 19:58:43 - INFO -   Val Acc:       0.5803
2026-04-10 19:58:43 - INFO -   Val mIoU:      0.3820
2026-04-10 19:58:43 - INFO -   Best mIoU:     0.3820
2026-04-10 19:58:43 - INFO -   Learning Rate: 0.000050
2026-04-10 19:59:58 - INFO - ✓ New best model saved at epoch 4 (mIoU: 0.4130) -> weights/best_RGB_model.pth
2026-04-10 19:59:58 - INFO - 
============================================================
2026-04-10 19:59:58 - INFO - Epoch 4 Validation Results:
2026-04-10 19:59:58 - INFO - ============================================================
2026-04-10 19:59:58 - INFO -   Background  : IoU = 0.4982
2026-04-10 19:59:58 - INFO -   Healthy     : IoU = 0.5319
2026-04-10 19:59:58 - INFO -   Dead        : IoU = 0.2810
2026-04-10 19:59:58 - INFO -   Molded      : IoU = 0.3409
2026-04-10 19:59:58 - INFO - ============================================================
2026-04-10 19:59:58 - INFO - Epoch 4/600 Summary:
2026-04-10 19:59:58 - INFO -   Train Loss:    1.0461
2026-04-10 19:59:58 - INFO -   Val Loss:      0.8746
2026-04-10 19:59:58 - INFO -   Val Acc:       0.6215
2026-04-10 19:59:58 - INFO -   Val mIoU:      0.4130
2026-04-10 19:59:58 - INFO -   Best mIoU:     0.4130
2026-04-10 19:59:58 - INFO -   Learning Rate: 0.000067
2026-04-10 20:01:11 - INFO - ✓ New best model saved at epoch 5 (mIoU: 0.4134) -> weights/best_RGB_model.pth
2026-04-10 20:01:11 - INFO - 
============================================================
2026-04-10 20:01:11 - INFO - Epoch 5 Validation Results:
2026-04-10 20:01:11 - INFO - ============================================================
2026-04-10 20:01:11 - INFO -   Background  : IoU = 0.5073
2026-04-10 20:01:11 - INFO -   Healthy     : IoU = 0.5094
2026-04-10 20:01:11 - INFO -   Dead        : IoU = 0.3078
2026-04-10 20:01:11 - INFO -   Molded      : IoU = 0.3290
2026-04-10 20:01:11 - INFO - ============================================================
2026-04-10 20:01:11 - INFO - Epoch 5/600 Summary:
2026-04-10 20:01:11 - INFO -   Train Loss:    0.9987
2026-04-10 20:01:11 - INFO -   Val Loss:      0.8838
2026-04-10 20:01:11 - INFO -   Val Acc:       0.6164
2026-04-10 20:01:11 - INFO -   Val mIoU:      0.4134
2026-04-10 20:01:11 - INFO -   Best mIoU:     0.4134
2026-04-10 20:01:11 - INFO -   Learning Rate: 0.000083
2026-04-10 20:02:26 - INFO - ✓ New best model saved at epoch 6 (mIoU: 0.4304) -> weights/best_RGB_model.pth
2026-04-10 20:02:26 - INFO - 
============================================================
2026-04-10 20:02:26 - INFO - Epoch 6 Validation Results:
2026-04-10 20:02:26 - INFO - ============================================================
2026-04-10 20:02:26 - INFO -   Background  : IoU = 0.4887
2026-04-10 20:02:26 - INFO -   Healthy     : IoU = 0.5403
2026-04-10 20:02:26 - INFO -   Dead        : IoU = 0.3099
2026-04-10 20:02:26 - INFO -   Molded      : IoU = 0.3828
2026-04-10 20:02:26 - INFO - ============================================================
2026-04-10 20:02:26 - INFO - Epoch 6/600 Summary:
2026-04-10 20:02:26 - INFO -   Train Loss:    1.0034
2026-04-10 20:02:26 - INFO -   Val Loss:      0.8384
2026-04-10 20:02:26 - INFO -   Val Acc:       0.6252
2026-04-10 20:02:26 - INFO -   Val mIoU:      0.4304
2026-04-10 20:02:26 - INFO -   Best mIoU:     0.4304
2026-04-10 20:02:26 - INFO -   Learning Rate: 0.000100
